# Logfile created on Wed Aug 05 19:25:16 -0400 2009  [4;36;1mSQL (0.3ms)[0m   [0;1m SELECT name
 FROM sqlite_master
 WHERE type = 'table' AND NOT name = 'sqlite_sequence'
[0m
  [4;35;1mSQL (0.2ms)[0m   [0mselect sqlite_version(*)[0m
  [4;36;1mSQL (4.0ms)[0m   [0;1mCREATE TABLE "schema_migrations" ("version" varchar(255) NOT NULL) [0m
  [4;35;1mSQL (1.7ms)[0m   [0mCREATE UNIQUE INDEX "unique_schema_migrations" ON "schema_migrations" ("version")[0m
  [4;36;1mSQL (0.3ms)[0m   [0;1m SELECT name
 FROM sqlite_master
 WHERE type = 'table' AND NOT name = 'sqlite_sequence'
[0m
  [4;35;1mSQL (0.2ms)[0m   [0mSELECT version FROM schema_migrations[0m
Migrating to CreateWorks (20090723020148)
  [4;36;1mSQL (0.6ms)[0m   [0;1mCREATE TABLE "works" ("id" INTEGER PRIMARY KEY AUTOINCREMENT NOT NULL, "url" varchar(255), "submitter" varchar(255), "name" varchar(255), "created_at" datetime, "updated_at" datetime) [0m
  [4;35;1mSQL (0.2ms)[0m   [0mINSERT INTO schema_migrations (version) VALUES ('20090723020148')[0m
Migrating to CreateResults (20090723020408)
  [4;36;1mSQL (0.5ms)[0m   [0;1mCREATE TABLE "results" ("id" INTEGER PRIMARY KEY AUTOINCREMENT NOT NULL, "q1" integer, "q2" integer, "q3" integer, "q4" integer, "q5" integer, "q6" integer, "count" integer DEFAULT 0, "work_id" integer, "created_at" datetime, "updated_at" datetime) [0m
  [4;35;1mSQL (0.2ms)[0m   [0mINSERT INTO schema_migrations (version) VALUES ('20090723020408')[0m
Migrating to AddCounterCacheToWorks (20090728001623)
  [4;36;1mSQL (0.5ms)[0m   [0;1mALTER TABLE "works" ADD "results_count" integer DEFAULT 0[0m
  [4;35;1mWork Load (0.1ms)[0m   [0mSELECT * FROM "works" [0m
  [4;36;1mSQL (0.1ms)[0m   [0;1mINSERT INTO schema_migrations (version) VALUES ('20090728001623')[0m
Migrating to AddFinalToResults (20090730031017)
  [4;35;1mSQL (0.4ms)[0m   [0mALTER TABLE "results" ADD "final" integer DEFAULT 0[0m
  [4;36;1mSQL (0.1ms)[0m   [0;1mINSERT INTO schema_migrations (version) VALUES ('20090730031017')[0m
Migrating to CreateUsers (20090801051759)
  [4;35;1mSQL (0.8ms)[0m   [0mCREATE TABLE "users" ("id" INTEGER PRIMARY KEY AUTOINCREMENT NOT NULL, "username" varchar(255), "email" varchar(255), "crypted_password" varchar(255), "password_salt" varchar(255), "persistence_token" varchar(255), "created_at" datetime, "updated_at" datetime) [0m
  [4;36;1mSQL (0.1ms)[0m   [0;1mINSERT INTO schema_migrations (version) VALUES ('20090801051759')[0m
Migrating to AddThumbAndVideoUrlToWork (20090802195623)
  [4;35;1mSQL (0.5ms)[0m   [0mALTER TABLE "works" ADD "embed_url" varchar(255)[0m
  [4;36;1mSQL (0.2ms)[0m   [0;1mALTER TABLE "works" ADD "thumb_url" varchar(255)[0m
  [4;35;1mWork Load (0.1ms)[0m   [0mSELECT * FROM "works" [0m
  [4;36;1mSQL (0.1ms)[0m   [0;1mINSERT INTO schema_migrations (version) VALUES ('20090802195623')[0m
Migrating to AddQ7toResults (20090804215901)
  [4;35;1mSQL (0.5ms)[0m   [0mALTER TABLE "results" ADD "q7" integer DEFAULT 0[0m
  [4;36;1mSQL (0.1ms)[0m   [0;1mINSERT INTO schema_migrations (version) VALUES ('20090804215901')[0m
  [4;35;1mSQL (0.3ms)[0m   [0m SELECT name
 FROM sqlite_master
 WHERE type = 'table' AND NOT name = 'sqlite_sequence'
[0m
  [4;36;1mSQL (0.3ms)[0m   [0;1mSELECT version FROM schema_migrations[0m
  [4;35;1mSQL (0.2ms)[0m   [0m SELECT name
 FROM sqlite_master
 WHERE type = 'table' AND NOT name = 'sqlite_sequence'
[0m
  [4;36;1mSQL (0.0ms)[0m   [0;1mPRAGMA index_list("results")[0m
  [4;35;1mSQL (0.0ms)[0m   [0mPRAGMA index_list("users")[0m
  [4;36;1mSQL (0.0ms)[0m   [0;1mPRAGMA index_list("works")[0m


Processing WorksController#index (for 127.0.0.1 at 2009-08-05 19:25:48) [GET]
  [4;36;1mWork Load (1.2ms)[0m   [0;1mSELECT * FROM "works" ORDER BY created_at DESC LIMIT 6 OFFSET 0[0m
Rendering template within layouts/application
Rendering works/index
  [4;35;1mSQL (0.2ms)[0m   [0mSELECT count(*) AS count_all FROM "works" [0m
Completed in 100ms (View: 93, DB: 1 2 queries) | 200 OK [http://0.0.0.0/]


Processing WorksController#index (for 127.0.0.1 at 2009-08-05 19:44:50) [GET]
  [4;36;1mWork Load (2.1ms)[0m   [0;1mSELECT * FROM "works" ORDER BY created_at DESC LIMIT 6 OFFSET 0[0m
Rendering template within layouts/application
Rendering works/index
  [4;35;1mSQL (0.5ms)[0m   [0mSELECT count(*) AS count_all FROM "works" [0m
Completed in 144ms (View: 117, DB: 3 2 queries) | 200 OK [http://0.0.0.0/]


Processing WorksController#new (for 127.0.0.1 at 2009-08-05 19:44:52) [GET]
Rendering template within layouts/application
Rendering works/new
Completed in 108ms (View: 102, DB: 0 0 queries) | 200 OK [http://0.0.0.0/works/new]


Processing WorksController#create (for 127.0.0.1 at 2009-08-05 19:45:08) [POST]
  Parameters: {"authenticity_token"=>"GkG9n1rxfr8n5nvk9hShVB8GiymfbFkyEPJUOCgk6Bo=", "work"=>{"name"=>"kittens  inspired by kittens", "submitter"=>"Mxweell", "url"=>"http://www.youtube.com/watch?v=FtX8nswnUKU"}}
  [4;36;1mWork Create (0.4ms)[0m   [0;1mINSERT INTO "works" ("name", "updated_at", "submitter", "url", "results_count", "embed_url", "created_at", "thumb_url") VALUES('kittens inspired by kittens', '2009-08-05 23:45:08', 'Mxweell', 'http://www.youtube.com/watch?v=FtX8nswnUKU', 0, '<object width=''300'' height=''169''><param name=''movie'' value=''http://www.youtube.com/v/FtX8nswnUKU&f=videos&app=youtube_gdata''></param><param name=''allowFullScreen'' value=''true''></param><param name=''allowscriptaccess'' value=''always''></param><embed src=''http://www.youtube.com/v/FtX8nswnUKU&f=videos&app=youtube_gdata'' type=''application/x-shockwave-flash'' allowscriptaccess=''always'' allowfullscreen=''true'' width=''300'' height=''169''></embed></object>', '2009-08-05 23:45:08', 'http://i.ytimg.com/vi/FtX8nswnUKU/2.jpg')[0m
Redirected to http://0.0.0.0:3000/works/1-kittens--inspired-by-kittens
Completed in 288ms (DB: 0 1 queries) | 302 Found [http://0.0.0.0/works]


Processing WorksController#show (for 127.0.0.1 at 2009-08-05 19:45:08) [GET]
  Parameters: {"id"=>"1-kittens--inspired-by-kittens"}
  [4;35;1mWork Load (0.3ms)[0m   [0mSELECT * FROM "works" WHERE ("works"."id" = 1) [0m
Rendering template within layouts/application
Rendering works/show
Completed in 135ms (View: 122, DB: 0 1 queries) | 200 OK [http://0.0.0.0/works/1-kittens--inspired-by-kittens]


Processing WorksController#index (for 127.0.0.1 at 2009-08-05 19:45:14) [GET]
  [4;36;1mWork Load (1.0ms)[0m   [0;1mSELECT * FROM "works" ORDER BY created_at DESC LIMIT 6 OFFSET 0[0m
Rendering template within layouts/application
Rendering works/index
  [4;35;1mSQL (0.1ms)[0m   [0mSELECT count(*) AS count_all FROM "works" [0m
Rendered works/_work (18.8ms)
Completed in 41ms (View: 33, DB: 1 2 queries) | 200 OK [http://0.0.0.0/works]


Processing WorksController#show (for 127.0.0.1 at 2009-08-05 19:45:25) [GET]
  Parameters: {"id"=>"1"}
  [4;36;1mWork Load (0.2ms)[0m   [0;1mSELECT * FROM "works" WHERE ("works"."id" = 1) [0m
Rendering template within layouts/application
Rendering works/show
Completed in 21ms (View: 15, DB: 0 1 queries) | 200 OK [http://0.0.0.0/works/1]
